x 1024x768_am7xxx_send_image.log
+ 1024x768_am7xxx_send_image_async.log
+--------------------------------------------------------------------------+
|                      x x                                 +               |
|                      xxx                                 +               |
|                     xxxx                                 +               |
|                     xxxx                                 ++              |
|                     xxxx                                 +++     +       |
|                    xxxxx                                 +++     ++      |
|                  x xxxxx                                 +++    ++++     |
|                  xxxxxxx                              + ++++    +++++ +  |
|x           xxxxx xxxxxxxx                     +    +  ++++++++ ++++++ +++|
|                 |___AM__|                               |__M_A____|      |
+--------------------------------------------------------------------------+
    N           Min           Max        Median           Avg        Stddev
x  51         14.95         29.71         27.73     27.073529     2.4377185
+  51         42.21          57.7         50.22     51.278627     3.1996344
Difference at 95.0% confidence
	24.2051 +/- 1.1175
	89.405% +/- 4.12765%
	(Student's t, pooled s = 2.8443)
